<?xml version="1.0" encoding="UTF-8"?>
<!-- Generated by org.testng.reporters.JUnitXMLReporter -->
<testsuite hostname="LAPTOP-AA5L38FS" name="Default test" tests="4" failures="0" timestamp="15 May 2020 11:46:10 GMT" time="113.638" errors="0">
  <testcase name="TEST01" time="5.358" classname="com.ecommerce.tests.TitleTests"/>
  <testcase name="TEST02" time="11.015" classname="com.ecommerce.tests.TitleTests"/>
  <testcase name="TEST03" time="41.174" classname="com.ecommerce.tests.TitleTests"/>
  <testcase name="TEST04" time="7.655" classname="com.ecommerce.tests.TitleTests"/>
</testsuite> <!-- Default test -->
