<?xml version="1.0" encoding="UTF-8"?>
<!-- Generated by org.testng.reporters.JUnitXMLReporter -->
<testsuite hostname="LAPTOP-AA5L38FS" name="Test" tests="10" failures="0" timestamp="15 May 2020 12:17:58 GMT" time="1092.935" errors="0">
  <testcase name="TEST01" time="30.512" classname="com.ecommerce.tests.TitleTests"/>
  <testcase name="TEST02" time="25.016" classname="com.ecommerce.tests.TitleTests"/>
  <testcase name="TEST03" time="62.404" classname="com.ecommerce.tests.TitleTests"/>
  <testcase name="TEST04" time="11.248" classname="com.ecommerce.tests.TitleTests"/>
  <testcase name="TEST05" time="101.329" classname="com.ecommerce.tests.AccountTests"/>
  <testcase name="TEST05_01" time="77.415" classname="com.ecommerce.tests.PurchaseTests"/>
  <testcase name="TEST09" time="12.152" classname="com.ecommerce.tests.PurchaseTests"/>
  <testcase name="TEST06" time="208.406" classname="com.ecommerce.tests.PurchaseTests"/>
  <testcase name="TEST07" time="36.449" classname="com.ecommerce.tests.OrderTests"/>
  <testcase name="TEST08" time="174.262" classname="com.ecommerce.tests.OrderTests"/>
</testsuite> <!-- Test -->
