<?xml version="1.0" encoding="UTF-8"?>
<testng-results skipped="0" failed="0" total="2" passed="2">
  <reporter-output>
  </reporter-output>
  <suite name="Suite" duration-ms="335780" started-at="2020-06-11T12:27:15Z" finished-at="2020-06-11T12:32:50Z">
    <groups>
    </groups>
    <test name="Test" duration-ms="335780" started-at="2020-06-11T12:27:15Z" finished-at="2020-06-11T12:32:50Z">
      <class name="com.ecommerce.tests.OrderTests">
        <test-method status="PASS" signature="setUp()[pri:0, instance:com.ecommerce.tests.OrderTests@3e6fa38a]" name="setUp" is-config="true" duration-ms="12799" started-at="2020-06-11T17:57:15Z" finished-at="2020-06-11T17:57:27Z">
          <reporter-output>
          </reporter-output>
        </test-method> <!-- setUp -->
        <test-method status="PASS" signature="TEST07()[pri:0, instance:com.ecommerce.tests.OrderTests@3e6fa38a]" name="TEST07" duration-ms="70914" started-at="2020-06-11T17:57:27Z" description="Test: Verify the previously created accounr status is pending" finished-at="2020-06-11T17:58:38Z">
          <reporter-output>
          </reporter-output>
        </test-method> <!-- TEST07 -->
        <test-method status="PASS" signature="wrapUp()[pri:0, instance:com.ecommerce.tests.OrderTests@3e6fa38a]" name="wrapUp" is-config="true" duration-ms="759" started-at="2020-06-11T17:58:38Z" finished-at="2020-06-11T17:58:39Z">
          <reporter-output>
          </reporter-output>
        </test-method> <!-- wrapUp -->
        <test-method status="PASS" signature="setUp()[pri:0, instance:com.ecommerce.tests.OrderTests@3e6fa38a]" name="setUp" is-config="true" duration-ms="12845" started-at="2020-06-11T17:58:39Z" finished-at="2020-06-11T17:58:52Z">
          <reporter-output>
          </reporter-output>
        </test-method> <!-- setUp -->
        <test-method status="PASS" signature="TEST08()[pri:0, instance:com.ecommerce.tests.OrderTests@3e6fa38a]" name="TEST08" duration-ms="237636" started-at="2020-06-11T17:58:52Z" description="Test : Teorder previously added product" finished-at="2020-06-11T18:02:49Z">
          <reporter-output>
          </reporter-output>
        </test-method> <!-- TEST08 -->
        <test-method status="PASS" signature="wrapUp()[pri:0, instance:com.ecommerce.tests.OrderTests@3e6fa38a]" name="wrapUp" is-config="true" duration-ms="787" started-at="2020-06-11T18:02:49Z" finished-at="2020-06-11T18:02:50Z">
          <reporter-output>
          </reporter-output>
        </test-method> <!-- wrapUp -->
      </class> <!-- com.ecommerce.tests.OrderTests -->
      <class name="com.ecommerce.tests.BaseTest">
        <test-method status="PASS" signature="beforeSuite()[pri:0, instance:com.ecommerce.tests.BaseTest@ae45eb6]" name="beforeSuite" is-config="true" duration-ms="222" started-at="2020-06-11T17:57:14Z" finished-at="2020-06-11T17:57:15Z">
          <reporter-output>
          </reporter-output>
        </test-method> <!-- beforeSuite -->
        <test-method status="PASS" signature="afterSuite()[pri:0, instance:com.ecommerce.tests.BaseTest@ae45eb6]" name="afterSuite" is-config="true" duration-ms="674" started-at="2020-06-11T18:02:50Z" finished-at="2020-06-11T18:02:51Z">
          <reporter-output>
          </reporter-output>
        </test-method> <!-- afterSuite -->
      </class> <!-- com.ecommerce.tests.BaseTest -->
    </test> <!-- Test -->
  </suite> <!-- Suite -->
</testng-results>
